<?xml version="1.0" encoding="UTF-8"?>
<testsuite name="com.company.project.service.home.UserServiceTest" tests="1" skipped="0" failures="0" errors="0" timestamp="2016-04-07T07:50:19" hostname="DEV-VIKI" time="0.388">
  <properties/>
  <testcase name="getUserByName" classname="com.company.project.service.home.UserServiceTest" time="0.388"/>
  <system-out><![CDATA[15:50:15,322 |-INFO in ch.qos.logback.classic.LoggerContext[default] - Could NOT find resource [logback.groovy]
15:50:15,322 |-INFO in ch.qos.logback.classic.LoggerContext[default] - Could NOT find resource [logback-test.xml]
15:50:15,322 |-INFO in ch.qos.logback.classic.LoggerContext[default] - Found resource [logback.xml] at [file:/E:/Java/Work/MyProject/build/resources/main/logback.xml]
15:50:15,468 |-INFO in ch.qos.logback.core.joran.action.AppenderAction - About to instantiate appender of type [ch.qos.logback.core.ConsoleAppender]
15:50:15,473 |-INFO in ch.qos.logback.core.joran.action.AppenderAction - Naming appender as [stdout]
15:50:15,503 |-INFO in ch.qos.logback.core.joran.action.NestedComplexPropertyIA - Assuming default type [ch.qos.logback.classic.encoder.PatternLayoutEncoder] for [encoder] property
15:50:15,560 |-INFO in ch.qos.logback.core.joran.action.AppenderAction - About to instantiate appender of type [ch.qos.logback.core.rolling.RollingFileAppender]
15:50:15,564 |-INFO in ch.qos.logback.core.joran.action.AppenderAction - Naming appender as [R]
15:50:15,575 |-INFO in ch.qos.logback.core.joran.action.NestedComplexPropertyIA - Assuming default type [ch.qos.logback.classic.encoder.PatternLayoutEncoder] for [encoder] property
15:50:15,611 |-INFO in ch.qos.logback.core.rolling.FixedWindowRollingPolicy@3c4e57c9 - No compression will be used
15:50:15,612 |-WARN in ch.qos.logback.core.rolling.FixedWindowRollingPolicy@3c4e57c9 - Large window sizes are not allowed.
15:50:15,613 |-WARN in ch.qos.logback.core.rolling.FixedWindowRollingPolicy@3c4e57c9 - MaxIndex reduced to 21
15:50:15,629 |-INFO in ch.qos.logback.core.rolling.RollingFileAppender[R] - Active log file name: C:\\MyProject.log
15:50:15,630 |-INFO in ch.qos.logback.core.rolling.RollingFileAppender[R] - File property is set to [C:\\MyProject.log]
15:50:15,635 |-INFO in ch.qos.logback.classic.joran.action.LoggerAction - Setting level of logger [noModule] to INFO
15:50:15,635 |-INFO in ch.qos.logback.classic.joran.action.LoggerAction - Setting level of logger [org.apache] to INFO
15:50:15,635 |-INFO in ch.qos.logback.classic.joran.action.LoggerAction - Setting level of logger [org.springframework] to INFO
15:50:15,636 |-INFO in ch.qos.logback.classic.joran.action.LoggerAction - Setting level of logger [net.sf.ehcache] to INFO
15:50:15,636 |-INFO in ch.qos.logback.classic.joran.action.LoggerAction - Setting level of logger [System.out.print] to INFO
15:50:15,636 |-INFO in ch.qos.logback.classic.joran.action.LoggerAction - Setting level of logger [druid.sql] to DEBUG
15:50:15,637 |-INFO in ch.qos.logback.classic.joran.action.LoggerAction - Setting level of logger [com.alibaba] to DEBUG
15:50:15,637 |-INFO in ch.qos.logback.core.joran.action.AppenderRefAction - Attaching appender named [stdout] to Logger[com.alibaba]
15:50:15,639 |-INFO in ch.qos.logback.classic.joran.action.LoggerAction - Setting level of logger [com.atc] to DEBUG
15:50:15,643 |-INFO in ch.qos.logback.classic.joran.action.RootLoggerAction - Setting level of ROOT logger to INFO
15:50:15,644 |-INFO in ch.qos.logback.core.joran.action.AppenderRefAction - Attaching appender named [stdout] to Logger[ROOT]
15:50:15,644 |-INFO in ch.qos.logback.core.joran.action.AppenderRefAction - Attaching appender named [R] to Logger[ROOT]
15:50:15,645 |-INFO in ch.qos.logback.classic.joran.action.ConfigurationAction - End of configuration.
15:50:15,647 |-INFO in ch.qos.logback.classic.joran.JoranConfigurator@3a2a3372 - Registering current configuration as safe fallback point
15:50:15.782 INFO  o.s.t.c.w.WebTestContextBootstrapper [256] - Loaded default TestExecutionListener class names from location [META-INF/spring.factories]: [org.springframework.test.context.web.ServletTestExecutionListener, org.springframework.test.context.support.DependencyInjectionTestExecutionListener, org.springframework.test.context.support.DirtiesContextTestExecutionListener, org.springframework.test.context.transaction.TransactionalTestExecutionListener, org.springframework.test.context.jdbc.SqlScriptsTestExecutionListener]
15:50:15.814 INFO  o.s.t.c.w.WebTestContextBootstrapper [182] - Using TestExecutionListeners: [org.springframework.test.context.web.ServletTestExecutionListener@8a0fd13, org.springframework.test.context.support.DependencyInjectionTestExecutionListener@1ca2deaa, org.springframework.test.context.support.DirtiesContextTestExecutionListener@2d90598d, org.springframework.test.context.transaction.TransactionalTestExecutionListener@5d02f9a4, org.springframework.test.context.jdbc.SqlScriptsTestExecutionListener@5245df72]
15:50:15.976 INFO  o.s.b.f.xml.XmlBeanDefinitionReader [317] - Loading XML bean definitions from class path resource [applicationContext.xml]
15:50:16.295 INFO  o.s.b.f.xml.XmlBeanDefinitionReader [317] - Loading XML bean definitions from class path resource [spring-mvc.xml]
15:50:16.421 INFO  o.s.w.c.s.GenericWebApplicationContext [511] - Refreshing org.springframework.web.context.support.GenericWebApplicationContext@674f5da8: startup date [Thu Apr 07 15:50:16 CST 2016]; root of context hierarchy
15:50:16.830 INFO  o.s.b.f.c.PropertyPlaceholderConfigurer [172] - Loading properties file from URL [file:/E:/Java/Work/MyProject/build/resources/test/config/dev/sysconfig.properties]
15:50:16.832 INFO  o.s.b.f.c.PropertyPlaceholderConfigurer [172] - Loading properties file from URL [file:/E:/Java/Work/MyProject/build/resources/main/config/dev/sysconfig.properties]
15:50:16.887 INFO  o.s.c.s.PostProcessorRegistrationDelegate$BeanPostProcessorChecker [309] - Bean 'org.springframework.scheduling.annotation.SchedulingConfiguration' of type [class org.springframework.scheduling.annotation.SchedulingConfiguration$$EnhancerBySpringCGLIB$$3d4dee4a] is not eligible for getting processed by all BeanPostProcessors (for example: not eligible for auto-proxying)
15:50:16.998 INFO  o.s.j.d.DriverManagerDataSource [133] - Loaded JDBC driver: com.mysql.jdbc.Driver
15:50:18.172 INFO  o.s.w.s.m.m.a.RequestMappingHandlerMapping [217] - Mapped "{[/home/loginPage],methods=[],params=[],headers=[],consumes=[],produces=[],custom=[]}" onto public java.lang.String com.company.project.web.HomeController.getLoginPage()
15:50:18.173 INFO  o.s.w.s.m.m.a.RequestMappingHandlerMapping [217] - Mapped "{[/home/login],methods=[POST],params=[],headers=[],consumes=[],produces=[],custom=[]}" onto public com.company.project.common.model.CommonResultModel com.company.project.web.HomeController.verifyLogin(com.company.project.common.model.home.LoginUser)
15:50:18.174 INFO  o.s.w.s.m.m.a.RequestMappingHandlerMapping [217] - Mapped "{[/home/language/{language}],methods=[],params=[],headers=[],consumes=[],produces=[],custom=[]}" onto public java.lang.String com.company.project.web.HomeController.changeLanguage(java.lang.String,java.lang.String,javax.servlet.http.HttpServletRequest,javax.servlet.http.HttpServletResponse)
15:50:18.178 INFO  o.s.w.s.m.m.a.RequestMappingHandlerMapping [217] - Mapped "{[/user/user/{userId}],methods=[PUT],params=[],headers=[],consumes=[],produces=[],custom=[]}" onto public com.company.project.common.model.CommonResultModel com.company.project.web.UserController.updateUserById(int,com.company.project.common.model.user.UpdateUser)
15:50:18.179 INFO  o.s.w.s.m.m.a.RequestMappingHandlerMapping [217] - Mapped "{[/user/user],methods=[POST],params=[],headers=[],consumes=[],produces=[],custom=[]}" onto public com.company.project.common.model.CommonResultModel com.company.project.web.UserController.addUser(com.company.project.common.model.user.UpdateUser)
15:50:18.180 INFO  o.s.w.s.m.m.a.RequestMappingHandlerMapping [217] - Mapped "{[/user/user/{userId}],methods=[DELETE],params=[],headers=[],consumes=[],produces=[],custom=[]}" onto public com.company.project.common.model.CommonResultModel com.company.project.web.UserController.deleteUserById(int)
15:50:18.181 INFO  o.s.w.s.m.m.a.RequestMappingHandlerMapping [217] - Mapped "{[/user/user/{userId}],methods=[],params=[],headers=[],consumes=[],produces=[],custom=[]}" onto public com.company.project.common.model.SingleResultModel<com.company.project.domains.home.entity.User> com.company.project.web.UserController.getUserById(int)
15:50:18.184 INFO  o.s.w.s.m.m.a.RequestMappingHandlerMapping [217] - Mapped "{[/user/users],methods=[],params=[],headers=[],consumes=[],produces=[],custom=[]}" onto public com.company.project.common.model.TableResultModel<com.company.project.domains.home.entity.User> com.company.project.web.UserController.getUserList(com.company.project.common.model.TableParamsModel)
15:50:18.193 INFO  o.s.w.s.m.m.a.RequestMappingHandlerMapping [217] - Mapped "{[/user/listPage],methods=[],params=[],headers=[],consumes=[],produces=[],custom=[]}" onto public java.lang.String com.company.project.web.UserController.getUserPage()
15:50:18.739 INFO  o.s.w.s.m.m.a.RequestMappingHandlerAdapter [517] - Looking for @ControllerAdvice: org.springframework.web.context.support.GenericWebApplicationContext@674f5da8: startup date [Thu Apr 07 15:50:16 CST 2016]; root of context hierarchy
15:50:18.806 INFO  o.s.w.s.m.m.a.RequestMappingHandlerAdapter [517] - Looking for @ControllerAdvice: org.springframework.web.context.support.GenericWebApplicationContext@674f5da8: startup date [Thu Apr 07 15:50:16 CST 2016]; root of context hierarchy
15:50:18.885 INFO  o.s.w.s.h.SimpleUrlHandlerMapping [314] - Mapped URL path [/**] onto handler 'org.springframework.web.servlet.resource.DefaultServletHttpRequestHandler#0'
15:50:18.924 INFO  o.s.w.s.m.m.a.RequestMappingHandlerAdapter [517] - Looking for @ControllerAdvice: org.springframework.web.context.support.GenericWebApplicationContext@674f5da8: startup date [Thu Apr 07 15:50:16 CST 2016]; root of context hierarchy
15:50:19.123 INFO  o.s.c.s.DefaultLifecycleProcessor [341] - Starting beans in phase 2147483647
15:50:19.456 INFO  o.s.t.c.t.TransactionContext [101] - Began transaction (1) for test context [DefaultTestContext@54cbd8d9 testClass = UserServiceTest, testInstance = com.company.project.service.home.UserServiceTest@2595c8be, testMethod = getUserByName@UserServiceTest, testException = [null], mergedContextConfiguration = [WebMergedContextConfiguration@5d7782c testClass = UserServiceTest, locations = '{classpath:/applicationContext.xml, classpath:/spring-mvc.xml}', classes = '{}', contextInitializerClasses = '[]', activeProfiles = '{}', propertySourceLocations = '{}', propertySourceProperties = '{}', resourceBasePath = 'src/main/webapp', contextLoader = 'org.springframework.test.context.web.WebDelegatingSmartContextLoader', parent = [null]]]; transaction manager [org.springframework.jdbc.datasource.DataSourceTransactionManager@3a01fe89]; rollback [true]
15:50:19.557 INFO  o.s.t.c.t.TransactionContext [136] - Rolled back transaction for test context [DefaultTestContext@54cbd8d9 testClass = UserServiceTest, testInstance = com.company.project.service.home.UserServiceTest@2595c8be, testMethod = getUserByName@UserServiceTest, testException = [null], mergedContextConfiguration = [WebMergedContextConfiguration@5d7782c testClass = UserServiceTest, locations = '{classpath:/applicationContext.xml, classpath:/spring-mvc.xml}', classes = '{}', contextInitializerClasses = '[]', activeProfiles = '{}', propertySourceLocations = '{}', propertySourceProperties = '{}', resourceBasePath = 'src/main/webapp', contextLoader = 'org.springframework.test.context.web.WebDelegatingSmartContextLoader', parent = [null]]].
]]></system-out>
  <system-err><![CDATA[]]></system-err>
</testsuite>
