<?xml version="1.0" encoding="UTF-8"?>
<testsuite name="com.company.project.service.home.UserServiceTest" tests="1" skipped="0" failures="0" errors="0" timestamp="2016-04-07T07:52:59" hostname="DEV-VIKI" time="0.445">
  <properties/>
  <testcase name="getUserByName" classname="com.company.project.service.home.UserServiceTest" time="0.445"/>
  <system-out><![CDATA[15:52:56,662 |-INFO in ch.qos.logback.classic.LoggerContext[default] - Could NOT find resource [logback.groovy]
15:52:56,662 |-INFO in ch.qos.logback.classic.LoggerContext[default] - Could NOT find resource [logback-test.xml]
15:52:56,662 |-INFO in ch.qos.logback.classic.LoggerContext[default] - Found resource [logback.xml] at [file:/E:/Java/Work/MyProject/build/resources/main/logback.xml]
15:52:56,773 |-INFO in ch.qos.logback.core.joran.action.AppenderAction - About to instantiate appender of type [ch.qos.logback.core.ConsoleAppender]
15:52:56,777 |-INFO in ch.qos.logback.core.joran.action.AppenderAction - Naming appender as [stdout]
15:52:56,801 |-INFO in ch.qos.logback.core.joran.action.NestedComplexPropertyIA - Assuming default type [ch.qos.logback.classic.encoder.PatternLayoutEncoder] for [encoder] property
15:52:56,846 |-INFO in ch.qos.logback.core.joran.action.AppenderAction - About to instantiate appender of type [ch.qos.logback.core.rolling.RollingFileAppender]
15:52:56,849 |-INFO in ch.qos.logback.core.joran.action.AppenderAction - Naming appender as [R]
15:52:56,860 |-INFO in ch.qos.logback.core.joran.action.NestedComplexPropertyIA - Assuming default type [ch.qos.logback.classic.encoder.PatternLayoutEncoder] for [encoder] property
15:52:56,872 |-INFO in ch.qos.logback.core.rolling.FixedWindowRollingPolicy@4a75ef - No compression will be used
15:52:56,872 |-WARN in ch.qos.logback.core.rolling.FixedWindowRollingPolicy@4a75ef - Large window sizes are not allowed.
15:52:56,873 |-WARN in ch.qos.logback.core.rolling.FixedWindowRollingPolicy@4a75ef - MaxIndex reduced to 21
15:52:56,879 |-INFO in ch.qos.logback.core.rolling.RollingFileAppender[R] - Active log file name: C:\\MyProject.log
15:52:56,879 |-INFO in ch.qos.logback.core.rolling.RollingFileAppender[R] - File property is set to [C:\\MyProject.log]
15:52:56,883 |-INFO in ch.qos.logback.classic.joran.action.LoggerAction - Setting level of logger [noModule] to INFO
15:52:56,883 |-INFO in ch.qos.logback.classic.joran.action.LoggerAction - Setting level of logger [org.apache] to INFO
15:52:56,883 |-INFO in ch.qos.logback.classic.joran.action.LoggerAction - Setting level of logger [org.springframework] to INFO
15:52:56,883 |-INFO in ch.qos.logback.classic.joran.action.LoggerAction - Setting level of logger [net.sf.ehcache] to INFO
15:52:56,884 |-INFO in ch.qos.logback.classic.joran.action.LoggerAction - Setting level of logger [System.out.print] to INFO
15:52:56,884 |-INFO in ch.qos.logback.classic.joran.action.LoggerAction - Setting level of logger [druid.sql] to DEBUG
15:52:56,885 |-INFO in ch.qos.logback.classic.joran.action.LoggerAction - Setting level of logger [com.alibaba] to DEBUG
15:52:56,885 |-INFO in ch.qos.logback.core.joran.action.AppenderRefAction - Attaching appender named [stdout] to Logger[com.alibaba]
15:52:56,886 |-INFO in ch.qos.logback.classic.joran.action.LoggerAction - Setting level of logger [com.atc] to DEBUG
15:52:56,887 |-INFO in ch.qos.logback.classic.joran.action.RootLoggerAction - Setting level of ROOT logger to INFO
15:52:56,887 |-INFO in ch.qos.logback.core.joran.action.AppenderRefAction - Attaching appender named [stdout] to Logger[ROOT]
15:52:56,887 |-INFO in ch.qos.logback.core.joran.action.AppenderRefAction - Attaching appender named [R] to Logger[ROOT]
15:52:56,887 |-INFO in ch.qos.logback.classic.joran.action.ConfigurationAction - End of configuration.
15:52:56,888 |-INFO in ch.qos.logback.classic.joran.JoranConfigurator@43faf3 - Registering current configuration as safe fallback point
15:52:56.995 INFO  o.s.t.c.w.WebTestContextBootstrapper [256] - Loaded default TestExecutionListener class names from location [META-INF/spring.factories]: [org.springframework.test.context.web.ServletTestExecutionListener, org.springframework.test.context.support.DependencyInjectionTestExecutionListener, org.springframework.test.context.support.DirtiesContextTestExecutionListener, org.springframework.test.context.transaction.TransactionalTestExecutionListener, org.springframework.test.context.jdbc.SqlScriptsTestExecutionListener]
15:52:57.017 INFO  o.s.t.c.w.WebTestContextBootstrapper [182] - Using TestExecutionListeners: [org.springframework.test.context.web.ServletTestExecutionListener@1b8d497, org.springframework.test.context.support.DependencyInjectionTestExecutionListener@19bed23, org.springframework.test.context.support.DirtiesContextTestExecutionListener@15e1d56, org.springframework.test.context.transaction.TransactionalTestExecutionListener@b2bd66, org.springframework.test.context.jdbc.SqlScriptsTestExecutionListener@1ffc50b]
15:52:57.141 INFO  o.s.b.f.xml.XmlBeanDefinitionReader [317] - Loading XML bean definitions from class path resource [applicationContext.xml]
15:52:57.386 INFO  o.s.b.f.xml.XmlBeanDefinitionReader [317] - Loading XML bean definitions from class path resource [spring-mvc.xml]
15:52:57.465 INFO  o.s.w.c.s.GenericWebApplicationContext [511] - Refreshing org.springframework.web.context.support.GenericWebApplicationContext@16fc61d: startup date [Thu Apr 07 15:52:57 CST 2016]; root of context hierarchy
15:52:57.774 INFO  o.s.b.f.c.PropertyPlaceholderConfigurer [172] - Loading properties file from URL [file:/E:/Java/Work/MyProject/build/resources/test/config/dev/sysconfig.properties]
15:52:57.775 INFO  o.s.b.f.c.PropertyPlaceholderConfigurer [172] - Loading properties file from URL [file:/E:/Java/Work/MyProject/build/resources/main/config/dev/sysconfig.properties]
15:52:57.803 INFO  o.s.c.s.PostProcessorRegistrationDelegate$BeanPostProcessorChecker [309] - Bean 'org.springframework.scheduling.annotation.SchedulingConfiguration' of type [class org.springframework.scheduling.annotation.SchedulingConfiguration$$EnhancerBySpringCGLIB$$9908be4f] is not eligible for getting processed by all BeanPostProcessors (for example: not eligible for auto-proxying)
15:52:57.901 INFO  o.s.j.d.DriverManagerDataSource [133] - Loaded JDBC driver: com.mysql.jdbc.Driver
15:52:58.872 INFO  o.s.w.s.m.m.a.RequestMappingHandlerMapping [217] - Mapped "{[/home/loginPage],methods=[],params=[],headers=[],consumes=[],produces=[],custom=[]}" onto public java.lang.String com.company.project.web.HomeController.getLoginPage()
15:52:58.873 INFO  o.s.w.s.m.m.a.RequestMappingHandlerMapping [217] - Mapped "{[/home/login],methods=[POST],params=[],headers=[],consumes=[],produces=[],custom=[]}" onto public com.company.project.common.model.CommonResultModel com.company.project.web.HomeController.verifyLogin(com.company.project.common.model.home.LoginUser)
15:52:58.873 INFO  o.s.w.s.m.m.a.RequestMappingHandlerMapping [217] - Mapped "{[/home/language/{language}],methods=[],params=[],headers=[],consumes=[],produces=[],custom=[]}" onto public java.lang.String com.company.project.web.HomeController.changeLanguage(java.lang.String,java.lang.String,javax.servlet.http.HttpServletRequest,javax.servlet.http.HttpServletResponse)
15:52:58.874 INFO  o.s.w.s.m.m.a.RequestMappingHandlerMapping [217] - Mapped "{[/user/user/{userId}],methods=[],params=[],headers=[],consumes=[],produces=[],custom=[]}" onto public com.company.project.common.model.SingleResultModel<com.company.project.domains.home.entity.User> com.company.project.web.UserController.getUserById(int)
15:52:58.875 INFO  o.s.w.s.m.m.a.RequestMappingHandlerMapping [217] - Mapped "{[/user/user/{userId}],methods=[PUT],params=[],headers=[],consumes=[],produces=[],custom=[]}" onto public com.company.project.common.model.CommonResultModel com.company.project.web.UserController.updateUserById(int,com.company.project.common.model.user.UpdateUser)
15:52:58.875 INFO  o.s.w.s.m.m.a.RequestMappingHandlerMapping [217] - Mapped "{[/user/user/{userId}],methods=[DELETE],params=[],headers=[],consumes=[],produces=[],custom=[]}" onto public com.company.project.common.model.CommonResultModel com.company.project.web.UserController.deleteUserById(int)
15:52:58.876 INFO  o.s.w.s.m.m.a.RequestMappingHandlerMapping [217] - Mapped "{[/user/user],methods=[POST],params=[],headers=[],consumes=[],produces=[],custom=[]}" onto public com.company.project.common.model.CommonResultModel com.company.project.web.UserController.addUser(com.company.project.common.model.user.UpdateUser)
15:52:58.876 INFO  o.s.w.s.m.m.a.RequestMappingHandlerMapping [217] - Mapped "{[/user/listPage],methods=[],params=[],headers=[],consumes=[],produces=[],custom=[]}" onto public java.lang.String com.company.project.web.UserController.getUserPage()
15:52:58.877 INFO  o.s.w.s.m.m.a.RequestMappingHandlerMapping [217] - Mapped "{[/user/users],methods=[],params=[],headers=[],consumes=[],produces=[],custom=[]}" onto public com.company.project.common.model.TableResultModel<com.company.project.domains.home.entity.User> com.company.project.web.UserController.getUserList(com.company.project.common.model.TableParamsModel)
15:52:59.419 INFO  o.s.w.s.m.m.a.RequestMappingHandlerAdapter [517] - Looking for @ControllerAdvice: org.springframework.web.context.support.GenericWebApplicationContext@16fc61d: startup date [Thu Apr 07 15:52:57 CST 2016]; root of context hierarchy
15:52:59.462 INFO  o.s.w.s.m.m.a.RequestMappingHandlerAdapter [517] - Looking for @ControllerAdvice: org.springframework.web.context.support.GenericWebApplicationContext@16fc61d: startup date [Thu Apr 07 15:52:57 CST 2016]; root of context hierarchy
15:52:59.504 INFO  o.s.w.s.h.SimpleUrlHandlerMapping [314] - Mapped URL path [/**] onto handler 'org.springframework.web.servlet.resource.DefaultServletHttpRequestHandler#0'
15:52:59.523 INFO  o.s.w.s.m.m.a.RequestMappingHandlerAdapter [517] - Looking for @ControllerAdvice: org.springframework.web.context.support.GenericWebApplicationContext@16fc61d: startup date [Thu Apr 07 15:52:57 CST 2016]; root of context hierarchy
15:52:59.643 INFO  o.s.c.s.DefaultLifecycleProcessor [341] - Starting beans in phase 2147483647
15:52:59.993 INFO  o.s.t.c.t.TransactionContext [101] - Began transaction (1) for test context [DefaultTestContext@1a637c testClass = UserServiceTest, testInstance = com.company.project.service.home.UserServiceTest@7cc1, testMethod = getUserByName@UserServiceTest, testException = [null], mergedContextConfiguration = [WebMergedContextConfiguration@baae87 testClass = UserServiceTest, locations = '{classpath:/applicationContext.xml, classpath:/spring-mvc.xml}', classes = '{}', contextInitializerClasses = '[]', activeProfiles = '{}', propertySourceLocations = '{}', propertySourceProperties = '{}', resourceBasePath = 'src/main/webapp', contextLoader = 'org.springframework.test.context.web.WebDelegatingSmartContextLoader', parent = [null]]]; transaction manager [org.springframework.jdbc.datasource.DataSourceTransactionManager@24499a]; rollback [true]
15:53:00.123 INFO  o.s.t.c.t.TransactionContext [136] - Rolled back transaction for test context [DefaultTestContext@1a637c testClass = UserServiceTest, testInstance = com.company.project.service.home.UserServiceTest@7cc1, testMethod = getUserByName@UserServiceTest, testException = [null], mergedContextConfiguration = [WebMergedContextConfiguration@baae87 testClass = UserServiceTest, locations = '{classpath:/applicationContext.xml, classpath:/spring-mvc.xml}', classes = '{}', contextInitializerClasses = '[]', activeProfiles = '{}', propertySourceLocations = '{}', propertySourceProperties = '{}', resourceBasePath = 'src/main/webapp', contextLoader = 'org.springframework.test.context.web.WebDelegatingSmartContextLoader', parent = [null]]].
]]></system-out>
  <system-err><![CDATA[]]></system-err>
</testsuite>
