<?xml version="1.0" encoding="UTF-8"?>
<testsuite name="com.company.project.service.home.UserServiceTest" tests="1" skipped="0" failures="0" errors="0" timestamp="2016-03-08T03:00:28" hostname="DEV-VIKI" time="0.403">
  <properties/>
  <testcase name="getUserByName" classname="com.company.project.service.home.UserServiceTest" time="0.403"/>
  <system-out><![CDATA[11:00:26,312 |-INFO in ch.qos.logback.classic.LoggerContext[default] - Could NOT find resource [logback.groovy]
11:00:26,313 |-INFO in ch.qos.logback.classic.LoggerContext[default] - Could NOT find resource [logback-test.xml]
11:00:26,313 |-INFO in ch.qos.logback.classic.LoggerContext[default] - Found resource [logback.xml] at [file:/E:/Java/Work/MyProject/build/resources/main/logback.xml]
11:00:26,391 |-INFO in ch.qos.logback.core.joran.action.AppenderAction - About to instantiate appender of type [ch.qos.logback.core.ConsoleAppender]
11:00:26,394 |-INFO in ch.qos.logback.core.joran.action.AppenderAction - Naming appender as [stdout]
11:00:26,412 |-INFO in ch.qos.logback.core.joran.action.NestedComplexPropertyIA - Assuming default type [ch.qos.logback.classic.encoder.PatternLayoutEncoder] for [encoder] property
11:00:26,451 |-INFO in ch.qos.logback.core.joran.action.AppenderAction - About to instantiate appender of type [ch.qos.logback.core.rolling.RollingFileAppender]
11:00:26,454 |-INFO in ch.qos.logback.core.joran.action.AppenderAction - Naming appender as [R]
11:00:26,463 |-INFO in ch.qos.logback.core.joran.action.NestedComplexPropertyIA - Assuming default type [ch.qos.logback.classic.encoder.PatternLayoutEncoder] for [encoder] property
11:00:26,478 |-INFO in ch.qos.logback.core.rolling.FixedWindowRollingPolicy@3ce134ba - No compression will be used
11:00:26,478 |-WARN in ch.qos.logback.core.rolling.FixedWindowRollingPolicy@3ce134ba - Large window sizes are not allowed.
11:00:26,479 |-WARN in ch.qos.logback.core.rolling.FixedWindowRollingPolicy@3ce134ba - MaxIndex reduced to 21
11:00:26,501 |-INFO in ch.qos.logback.core.rolling.RollingFileAppender[R] - Active log file name: C:\\MyProject.log
11:00:26,501 |-INFO in ch.qos.logback.core.rolling.RollingFileAppender[R] - File property is set to [C:\\MyProject.log]
11:00:26,505 |-INFO in ch.qos.logback.classic.joran.action.LoggerAction - Setting level of logger [noModule] to INFO
11:00:26,505 |-INFO in ch.qos.logback.classic.joran.action.LoggerAction - Setting level of logger [org.apache] to INFO
11:00:26,505 |-INFO in ch.qos.logback.classic.joran.action.LoggerAction - Setting level of logger [org.springframework] to INFO
11:00:26,506 |-INFO in ch.qos.logback.classic.joran.action.LoggerAction - Setting level of logger [net.sf.ehcache] to INFO
11:00:26,506 |-INFO in ch.qos.logback.classic.joran.action.LoggerAction - Setting level of logger [System.out.print] to INFO
11:00:26,506 |-INFO in ch.qos.logback.classic.joran.action.LoggerAction - Setting level of logger [druid.sql] to DEBUG
11:00:26,506 |-INFO in ch.qos.logback.classic.joran.action.LoggerAction - Setting level of logger [com.alibaba] to DEBUG
11:00:26,509 |-INFO in ch.qos.logback.core.joran.action.AppenderRefAction - Attaching appender named [stdout] to Logger[com.alibaba]
11:00:26,511 |-INFO in ch.qos.logback.classic.joran.action.LoggerAction - Setting level of logger [com.atc] to DEBUG
11:00:26,513 |-INFO in ch.qos.logback.classic.joran.action.RootLoggerAction - Setting level of ROOT logger to INFO
11:00:26,513 |-INFO in ch.qos.logback.core.joran.action.AppenderRefAction - Attaching appender named [stdout] to Logger[ROOT]
11:00:26,514 |-INFO in ch.qos.logback.core.joran.action.AppenderRefAction - Attaching appender named [R] to Logger[ROOT]
11:00:26,514 |-INFO in ch.qos.logback.classic.joran.action.ConfigurationAction - End of configuration.
11:00:26,516 |-INFO in ch.qos.logback.classic.joran.JoranConfigurator@7c5b81cd - Registering current configuration as safe fallback point
]]></system-out>
  <system-err><![CDATA[Mar 08, 2016 11:00:24 AM org.springframework.test.context.web.WebTestContextBootstrapper getDefaultTestExecutionListenerClassNames
INFO: Loaded default TestExecutionListener class names from location [META-INF/spring.factories]: [org.springframework.test.context.web.ServletTestExecutionListener, org.springframework.test.context.support.DependencyInjectionTestExecutionListener, org.springframework.test.context.support.DirtiesContextTestExecutionListener, org.springframework.test.context.transaction.TransactionalTestExecutionListener, org.springframework.test.context.jdbc.SqlScriptsTestExecutionListener]
Mar 08, 2016 11:00:24 AM org.springframework.test.context.web.WebTestContextBootstrapper getTestExecutionListeners
INFO: Using TestExecutionListeners: [org.springframework.test.context.web.ServletTestExecutionListener@3813ebe1, org.springframework.test.context.support.DependencyInjectionTestExecutionListener@29052c57, org.springframework.test.context.support.DirtiesContextTestExecutionListener@55f6ffe6, org.springframework.test.context.transaction.TransactionalTestExecutionListener@4af1d1cb, org.springframework.test.context.jdbc.SqlScriptsTestExecutionListener@6d1a6797]
Mar 08, 2016 11:00:25 AM org.springframework.beans.factory.xml.XmlBeanDefinitionReader loadBeanDefinitions
INFO: Loading XML bean definitions from class path resource [applicationContext.xml]
Mar 08, 2016 11:00:25 AM org.springframework.beans.factory.xml.XmlBeanDefinitionReader loadBeanDefinitions
INFO: Loading XML bean definitions from class path resource [spring-mvc.xml]
Mar 08, 2016 11:00:25 AM org.springframework.web.context.support.GenericWebApplicationContext prepareRefresh
INFO: Refreshing org.springframework.web.context.support.GenericWebApplicationContext@1c67f5d: startup date [Tue Mar 08 11:00:25 CST 2016]; root of context hierarchy
Mar 08, 2016 11:00:26 AM org.springframework.beans.factory.config.PropertyPlaceholderConfigurer loadProperties
INFO: Loading properties file from URL [file:/E:/Java/Work/MyProject/build/resources/test/config/dev/sysconfig.properties]
Mar 08, 2016 11:00:26 AM org.springframework.beans.factory.config.PropertyPlaceholderConfigurer loadProperties
INFO: Loading properties file from URL [file:/E:/Java/Work/MyProject/build/resources/main/config/dev/sysconfig.properties]
Mar 08, 2016 11:00:26 AM org.springframework.context.support.PostProcessorRegistrationDelegate$BeanPostProcessorChecker postProcessAfterInitialization
INFO: Bean 'org.springframework.scheduling.annotation.SchedulingConfiguration' of type [class org.springframework.scheduling.annotation.SchedulingConfiguration$$EnhancerBySpringCGLIB$$d8bd71c2] is not eligible for getting processed by all BeanPostProcessors (for example: not eligible for auto-proxying)
Mar 08, 2016 11:00:26 AM org.springframework.jdbc.datasource.DriverManagerDataSource setDriverClassName
INFO: Loaded JDBC driver: com.mysql.jdbc.Driver
Mar 08, 2016 11:00:27 AM org.springframework.web.servlet.mvc.method.annotation.RequestMappingHandlerMapping registerHandlerMethod
INFO: Mapped "{[/home/loginPage],methods=[],params=[],headers=[],consumes=[],produces=[],custom=[]}" onto public java.lang.String com.company.project.web.HomeController.getLoginPage()
Mar 08, 2016 11:00:27 AM org.springframework.web.servlet.mvc.method.annotation.RequestMappingHandlerMapping registerHandlerMethod
INFO: Mapped "{[/home/login],methods=[POST],params=[],headers=[],consumes=[],produces=[],custom=[]}" onto public com.company.project.common.model.CommonResultModel com.company.project.web.HomeController.verifyLogin(com.company.project.common.model.home.LoginUser)
Mar 08, 2016 11:00:27 AM org.springframework.web.servlet.mvc.method.annotation.RequestMappingHandlerMapping registerHandlerMethod
INFO: Mapped "{[/home/language/{language}],methods=[],params=[],headers=[],consumes=[],produces=[],custom=[]}" onto public java.lang.String com.company.project.web.HomeController.changeLanguage(java.lang.String,java.lang.String,javax.servlet.http.HttpServletRequest,javax.servlet.http.HttpServletResponse)
Mar 08, 2016 11:00:27 AM org.springframework.web.servlet.mvc.method.annotation.RequestMappingHandlerMapping registerHandlerMethod
INFO: Mapped "{[/test/testPage],methods=[],params=[],headers=[],consumes=[],produces=[],custom=[]}" onto public java.lang.String com.company.project.web.TestController.getTestPage()
Mar 08, 2016 11:00:27 AM org.springframework.web.servlet.mvc.method.annotation.RequestMappingHandlerMapping registerHandlerMethod
INFO: Mapped "{[/user/user/{userId}],methods=[PUT],params=[],headers=[],consumes=[],produces=[],custom=[]}" onto public com.company.project.common.model.CommonResultModel com.company.project.web.UserController.updateUserById(int,com.company.project.common.model.user.UpdateUser)
Mar 08, 2016 11:00:27 AM org.springframework.web.servlet.mvc.method.annotation.RequestMappingHandlerMapping registerHandlerMethod
INFO: Mapped "{[/user/user/{userId}],methods=[],params=[],headers=[],consumes=[],produces=[],custom=[]}" onto public com.company.project.common.model.SingleResultModel<com.company.project.domains.home.entity.User> com.company.project.web.UserController.getUserById(int)
Mar 08, 2016 11:00:27 AM org.springframework.web.servlet.mvc.method.annotation.RequestMappingHandlerMapping registerHandlerMethod
INFO: Mapped "{[/user/user],methods=[POST],params=[],headers=[],consumes=[],produces=[],custom=[]}" onto public com.company.project.common.model.CommonResultModel com.company.project.web.UserController.addUser(com.company.project.common.model.user.UpdateUser)
Mar 08, 2016 11:00:27 AM org.springframework.web.servlet.mvc.method.annotation.RequestMappingHandlerMapping registerHandlerMethod
INFO: Mapped "{[/user/user/{userId}],methods=[DELETE],params=[],headers=[],consumes=[],produces=[],custom=[]}" onto public com.company.project.common.model.CommonResultModel com.company.project.web.UserController.deleteUserById(int)
Mar 08, 2016 11:00:27 AM org.springframework.web.servlet.mvc.method.annotation.RequestMappingHandlerMapping registerHandlerMethod
INFO: Mapped "{[/user/listPage],methods=[],params=[],headers=[],consumes=[],produces=[],custom=[]}" onto public java.lang.String com.company.project.web.UserController.getUserPage()
Mar 08, 2016 11:00:27 AM org.springframework.web.servlet.mvc.method.annotation.RequestMappingHandlerMapping registerHandlerMethod
INFO: Mapped "{[/user/users],methods=[],params=[],headers=[],consumes=[],produces=[],custom=[]}" onto public com.company.project.common.model.TableResultModel<com.company.project.domains.home.entity.User> com.company.project.web.UserController.getUserList(com.company.project.common.model.TableParamsModel)
Mar 08, 2016 11:00:27 AM org.springframework.web.servlet.mvc.method.annotation.RequestMappingHandlerAdapter initControllerAdviceCache
INFO: Looking for @ControllerAdvice: org.springframework.web.context.support.GenericWebApplicationContext@1c67f5d: startup date [Tue Mar 08 11:00:25 CST 2016]; root of context hierarchy
Mar 08, 2016 11:00:27 AM org.springframework.web.servlet.mvc.method.annotation.RequestMappingHandlerAdapter initControllerAdviceCache
INFO: Looking for @ControllerAdvice: org.springframework.web.context.support.GenericWebApplicationContext@1c67f5d: startup date [Tue Mar 08 11:00:25 CST 2016]; root of context hierarchy
Mar 08, 2016 11:00:28 AM org.springframework.web.servlet.handler.SimpleUrlHandlerMapping registerHandler
INFO: Mapped URL path [/**] onto handler 'org.springframework.web.servlet.resource.DefaultServletHttpRequestHandler#0'
Mar 08, 2016 11:00:28 AM org.springframework.web.servlet.mvc.method.annotation.RequestMappingHandlerAdapter initControllerAdviceCache
INFO: Looking for @ControllerAdvice: org.springframework.web.context.support.GenericWebApplicationContext@1c67f5d: startup date [Tue Mar 08 11:00:25 CST 2016]; root of context hierarchy
Mar 08, 2016 11:00:28 AM org.springframework.context.support.DefaultLifecycleProcessor start
INFO: Starting beans in phase 2147483647
Mar 08, 2016 11:00:28 AM org.springframework.test.context.transaction.TransactionContext startTransaction
INFO: Began transaction (1) for test context [DefaultTestContext@1e34261a testClass = UserServiceTest, testInstance = com.company.project.service.home.UserServiceTest@6f26b503, testMethod = getUserByName@UserServiceTest, testException = [null], mergedContextConfiguration = [WebMergedContextConfiguration@5a72a3a6 testClass = UserServiceTest, locations = '{classpath:/applicationContext.xml, classpath:/spring-mvc.xml}', classes = '{}', contextInitializerClasses = '[]', activeProfiles = '{}', propertySourceLocations = '{}', propertySourceProperties = '{}', resourceBasePath = 'src/main/webapp', contextLoader = 'org.springframework.test.context.web.WebDelegatingSmartContextLoader', parent = [null]]]; transaction manager [org.springframework.jdbc.datasource.DataSourceTransactionManager@7f5f8ba4]; rollback [true]
Mar 08, 2016 11:00:28 AM org.springframework.test.context.transaction.TransactionContext endTransaction
INFO: Rolled back transaction for test context [DefaultTestContext@1e34261a testClass = UserServiceTest, testInstance = com.company.project.service.home.UserServiceTest@6f26b503, testMethod = getUserByName@UserServiceTest, testException = [null], mergedContextConfiguration = [WebMergedContextConfiguration@5a72a3a6 testClass = UserServiceTest, locations = '{classpath:/applicationContext.xml, classpath:/spring-mvc.xml}', classes = '{}', contextInitializerClasses = '[]', activeProfiles = '{}', propertySourceLocations = '{}', propertySourceProperties = '{}', resourceBasePath = 'src/main/webapp', contextLoader = 'org.springframework.test.context.web.WebDelegatingSmartContextLoader', parent = [null]]].
]]></system-err>
</testsuite>
